生成启动时间为 2018/11/15 17:17:14。
     1>项目“E:\Visual Studio 2010\Visual C++ 2010\Sketcher\Sketcher\Sketcher.vcxproj”在节点 2 上(build 个目标)。
     1>InitializeBuildStatus:
         正在创建“Debug\Sketcher.unsuccessfulbuild”，因为已指定“AlwaysCreate”。
       ClCompile:
         所有输出均为最新。
         C:\Program Files (x86)\Microsoft Visual Studio 10.0\VC\bin\CL.exe /c /ZI /nologo /W3 /WX- /Od /Oy- /D WIN32 /D _WINDOWS /D _DEBUG /D _UNICODE /D UNICODE /D _AFXDLL /Gm /EHsc /RTC1 /MDd /GS /fp:precise /Zc:wchar_t /Zc:forScope /Yu"StdAfx.h" /Fp"Debug\Sketcher.pch" /Fo"Debug\\" /Fd"Debug\vc100.pdb" /Gd /TP /analyze- /errorReport:prompt SketcherView.cpp
         SketcherView.cpp
       ResourceCompile:
         所有输出均为最新。
       ManifestResourceCompile:
         所有输出均为最新。
       Link:
         C:\Program Files (x86)\Microsoft Visual Studio 10.0\VC\bin\link.exe /ERRORREPORT:PROMPT /OUT:"E:\Visual Studio 2010\Visual C++ 2010\Sketcher\Debug\Sketcher.exe" /INCREMENTAL /NOLOGO /MANIFEST /ManifestFile:"Debug\Sketcher.exe.intermediate.manifest" /MANIFESTUAC:"level='asInvoker' uiAccess='false'" /DEBUG /PDB:"E:\Visual Studio 2010\Visual C++ 2010\Sketcher\Debug\Sketcher.pdb" /SUBSYSTEM:WINDOWS /TLBID:1 /ENTRY:"wWinMainCRTStartup" /DYNAMICBASE /NXCOMPAT /IMPLIB:"E:\Visual Studio 2010\Visual C++ 2010\Sketcher\Debug\Sketcher.lib" /MACHINE:X86 Debug\Sketcher.res
         Debug\Sketcher.exe.embed.manifest.res
         Debug\ChildFrm.obj
         Debug\MainFrm.obj
         Debug\Sketcher.obj
         Debug\SketcherDoc.obj
         Debug\SketcherView.obj
         Debug\stdafx.obj
       Manifest:
         C:\Program Files (x86)\Microsoft SDKs\Windows\v7.0A\bin\mt.exe /nologo /verbose /out:"Debug\Sketcher.exe.embed.manifest" /manifest Debug\Sketcher.exe.intermediate.manifest "C:\Program Files (x86)\Microsoft Visual Studio 10.0\VC\Include\Manifest\dpiaware.manifest"
         所有输出均为最新。
       LinkEmbedManifest:
         所有输出均为最新。
         Sketcher.vcxproj -> E:\Visual Studio 2010\Visual C++ 2010\Sketcher\Debug\Sketcher.exe
       FinalizeBuildStatus:
         正在删除文件“Debug\Sketcher.unsuccessfulbuild”。
         正在对“Debug\Sketcher.lastbuildstate”执行 Touch 任务。
     1>已完成生成项目“E:\Visual Studio 2010\Visual C++ 2010\Sketcher\Sketcher\Sketcher.vcxproj”(build 个目标)的操作。

生成成功。

已用时间 00:00:00.44
